 ┌00 Programas básicos┐
 │                    └001 Programas básicos┐
 │                                          │                      ┌0011A01 ABI Educação
 │                                          │                      ├0011A02 ABI Artes e humanidades
 │                                          │                      ├0011A03 ABI Ciências sociais, jornalismo e informação
 │                                          │                      ├0011A04 ABI Negócios, administração e direito
 │                                          │                      ├0011A05 ABI Ciências naturais, matemática e estatística
 │                                          └0011 Programas básicos┤
 │                                                                 ├0011A10 ABI Serviços
 │                                                                 ├0011A09 ABI Saúde e bem-estar
 │                                                                 ├0011A08 ABI Agricultura, silvicultura, pesca e veterinária
 │                                                                 ├0011A07 ABI Engenharia, produção e construção
 │                                                                 └0011A06 ABI Tecnologias da Informação e Comunicação (TIC)
 │                                                ┌068 Programas interdisciplinares abrangendo Tecnologias da Informação e Comunicação (TIC)┐
 │                                                │                                                                                         └0688 Programas interdisciplinares abrangendo Tecnologias da Informação e Comunicação (TIC)┐
 │                                                │                                                                                                                                                                                    └0688P01 Programas interdisciplinares abrangendo Tecnologias da Informação e Comunicação (TIC)
 ├06 Tecnologias da Informação e Comunicação (TIC)┤
 │                                                │                                                 ┌0614 Ciência da computação┐
 │                                                │                                                 │                          └0614C01 Ciência da computação
 │                                                │                                                 │                         ┌0613E01 Engenharia de software
 │                                                │                                                 ├0613 Produção de software┤
 │                                                │                                                 │                         └0613J01 Jogos digitais
 │                                                │                                                 │                             ┌0616E01 Engenharia de computação (DCN Computação)
 │                                                │                                                 ├0616 Engenharia de computação┤
 │                                                │                                                 │                             └0616S01 Sistemas embarcados
 │                                                └061 Tecnologias da Informação e Comunicação (TIC)┤
 │                                                                                                  │                                   ┌0612B01 Banco de dados
 │                                                                                                  │                                   ├0612D01 Defesa cibernética
 │                                                                                                  ├0612 Infraestrutura e gestão de TIC┤
 │                                                                                                  │                                   ├0612R01 Redes de computadores
 │                                                                                                  │                                   └0612G01 Gestão da tecnologia da informação
 │                                                                                                  │                           ┌0615S01 Segurança da informação
 │                                                                                                  └0615 Sistemas de informação┤
 │                                                                                                                              ├0615S03 Sistemas para internet
 │                                                                                                                              └0615S02 Sistemas de informação
 │                                            ┌038 Programas interdisciplinares abrangendo ciências sociais, jornalismo e informação┐
 │                                            │                                                                                     └0388 Programas interdisciplinares abrangendo ciências sociais, jornalismo e informação┐
 │                                            │                                                                                                                                                                            └0388P01 Programas interdisciplinares abrangendo ciências sociais, jornalismo e informação
 ├03 Ciências sociais, jornalismo e informação┤
 │                                            │                                      ┌0311 Economia┐
 │                                            │                                      │             └0311E01 Economia
 │                                            │                                      ├0313 Psicologia┐
 │                                            │                                      │               └0313P01 Psicologia
 │                                            ├031 Ciências sociais e comportamentais┤
 │                                            │                                      │                                 ┌0312A01 Antropologia
 │                                            │                                      │                                 ├0312C01 Ciência política
 │                                            │                                      │                                 ├0312C02 Ciências sociais
 │                                            │                                      └0312 Ciências sociais e políticas┤
 │                                            │                                                                        ├0312S01 Sociologia
 │                                            │                                                                        ├0312R01 Relações internacionais
 │                                            │                                                                        └0312G01 Geografia
 │                                            │                                                                                     ┌0322A01 Arquivologia
 │                                            │                            ┌0322 Biblioteconomia, informação e estudos arquivísticos┤
 │                                            │                            │                                                        ├0322G01 Gestão da informação
 │                                            │                            │                                                        └0322B01 Biblioteconomia
 │                                            └032 Jornalismo e informação ┤
 │                                                                         │                            ┌0321A01 Audiovisual
 │                                                                         │                            ├0321C01 Comunicação social
 │                                                                         └0321 Jornalismo e reportagem┤
 │                                                                                                      ├0321R01 Radialismo
 │                                                                                                      ├0321P01 Produção editorial
 │                                                                                                      └0321J01 Jornalismo
 │                                                 ┌084 Veterinária┐
 │                                                 │               └0841 Veterinária┐
 │                                                 │                                └0841M01 Medicina veterinária
 │                                                 ├088 Programas interdisciplinares abrangendo agricultura, silvicultura, pesca e veterinária┐
 │                                                 │                                                                                          └0888 Programas interdisciplinares abrangendo agricultura, silvicultura, pesca e veterinária┐
 │                                                 │                                                                                                                                                                                      └0888P01 Programas interdisciplinares abrangendo agricultura, silvicultura, pesca e veterinária
 │                                                 ├082 Silvicultura┐
 │                                                 │                │                 ┌0821E01 Engenharia florestal
 │                                                 │                └0821 Silvicultura┤
 │                                                 │                                  └0821S01 Silvicultura
 │                                                 ├083 Pesca┐
 │                                                 │         │          ┌0831A01 Aquicultura
 │                                                 │         └0831 Pesca┤
 │                                                 │                    ├0831P01 Produção pesqueira
 │                                                 │                    └0831E01 Engenharia de pesca
 ├08 Agricultura, silvicultura, pesca e veterinária┤
 │                                                 │               ┌0812 Horticultura┐
 │                                                 │               │                 └0812H01 Horticultura
 │                                                 └081 Agricultura┤
 │                                                                 │                                 ┌0811A01 Agroecologia
 │                                                                 │                                 ├0811A02 Agroindústria
 │                                                                 │                                 ├0811A03 Agronegócio
 │                                                                 │                                 ├0811A04 Agronomia
 │                                                                 │                                 ├0811A05 Agropecuária
 │                                                                 │                                 ├0811C01 Cafeicultura
 │                                                                 └0811 Produção agrícola e pecuária┤
 │                                                                                                   ├0811Z01 Zootecnia
 │                                                                                                   ├0811V01 Viticultura e enologia
 │                                                                                                   ├0811M01 Manejo da produção agrícola
 │                                                                                                   ├0811I01 Irrigação e drenagem
 │                                                                                                   ├0811F01 Fruticultura
 │                                                                                                   └0811E01 Engenharia agrícola
 │                    ┌098 Programas interdisciplinares abrangendo saúde e bem-estar┐
 │                    │                                                             └0988 Programas interdisciplinares abrangendo saúde e bem-estar┐
 │                    │                                                                                                                            └0988P01 Programas interdisciplinares abrangendo saúde e bem-estar
 │                    │             ┌0921 Assistência a idosos e a deficientes┐
 │                    │             │                                         └0921A01 Assistência a idosos e a deficientes
 │                    ├092 Bem-estar┤
 │                    │             └0923 Serviço social┐
 │                    │                                 └0923S01 Serviço social
 ├09 Saúde e bem-estar┤
 │                    │         ┌0911 Odontologia┐
 │                    │         │                └0911O01 Odontologia
 │                    │         ├0912 Medicina┐
 │                    │         │             └0912M01 Medicina
 │                    │         ├0913 Enfermagem e obstetrícia┐
 │                    │         │                             └0913E01 Enfermagem
 │                    │         ├0916 Farmácia┐
 │                    │         │             └0916F01 Farmácia
 │                    │         ├0917 Medicina e terapia tradicional e complementar┐
 │                    │         │                                                  └0917P01 Práticas integrativas
 │                    └091 Saúde┤
 │                              │                                      ┌0915E01 Educação física
 │                              │                                      ├0915F01 Fisioterapia
 │                              ├0915 Prevenção, terapia e reabilitação┤
 │                              │                                      ├0915T01 Terapia ocupacional
 │                              │                                      ├0915N01 Nutrição
 │                              │                                      └0915F02 Fonoaudiologia
 │                              │                                                  ┌0914B01 Biomedicina
 │                              │                                                  ├0914O01 Oftálmica
 │                              ├0914 Tecnologia de diagnóstico e tratamento médico┤
 │                              │                                                  ├0914R01 Radiologia
 │                              │                                                  ├0914P01 Prótese e órtese
 │                              │                                                  └0914O02 Optometria
 │                              │                                   ┌0918S01 Saúde coletiva
 │                              └0918 Saúde pública e saúde coletiva┤
 │                                                                  └0918S02 Saúde pública
 │           ┌102 Higiene e serviços de saúde ocupacional┐
 │           │                                           └1022 Saúde e segurança no trabalho┐
 │           │                                                                              └1022S01 Segurança no trabalho
 │           ├108 Programas interdisciplinares abrangendo serviços┐
 │           │                                                    └1088 Programas interdisciplinares abrangendo serviços┐
 │           │                                                                                                          └1088P01 Programas interdisciplinares abrangendo serviços
 │           ├104 Serviços de transporte┐
 │           │                          │                           ┌1041C01 Ciências aeronáuticas
 │           │                          │                           ├1041G01 Gestão portuária
 │           │                          └1041 Serviços de transporte┤
 │           │                                                      ├1041T02 Transporte terrestre
 │           │                                                      └1041T01 Transporte aéreo
 ├10 Serviços┤
 │           │                     ┌1011 Serviços domésticos┐
 │           │                     │                        └1011E01 Economia doméstica
 │           │                     ├1012 Serviços de beleza┐
 │           │                     │                       └1012E01 Estética e cosmética
 │           │                     ├1013 Serviços de alimentação┐
 │           │                     │                            └1013G01 Gastronomia
 │           ├101 Serviços pessoais┤
 │           │                     │                        ┌1015E01 Eventos
 │           │                     ├1015 Turismo e hotelaria┤
 │           │                     │                        ├1015T01 Turismo
 │           │                     │                        └1015H01 Hotelaria
 │           │                     │                     ┌1014F01 Formação de técnicos e treinadores esportivos
 │           │                     └1014 Esportes e lazer┤
 │           │                                           └1014G01 Gestão desportiva e de lazer
 │           │                         ┌1031 Setor militar e de defesa┐
 │           │                         │                              └1031C01 Ciências militares
 │           └103 Serviços de segurança┤
 │                                     │                                          ┌1032I01 Investigação e perícia
 │                                     │                                          ├1032S01 Segurança no trânsito
 │                                     └1032 Proteção de pessoas e de propriedades┤
 │                                                                                ├1032S04 Serviços penais
 │                                                                                ├1032S03 Segurança pública
 │                                                                                └1032S02 Segurança privada
 │                                              ┌058 Programas interdisciplinares abrangendo ciências naturais, matemática e estatística┐
 │                                              │                                                                                       └0588 Programas interdisciplinares abrangendo ciências naturais, matemática e estatística┐
 │                                              │                                                                                                                                                                                └0588P01 Programas interdisciplinares abrangendo ciências naturais, matemática e estatística
 │                                              ├052 Meio ambiente┐
 │                                              │                 │                        ┌0521C01 Ciências ambientais
 │                                              │                 └0521 Ciências ambientais┤
 │                                              │                                          └0521E01 Ecologia
 │                                              │                                    ┌0511 Biologia┐
 │                                              │                                    │             └0511B01 Biologia
 │                                              ├051 Ciências biológicas e correlatas┤
 │                                              │                                    │               ┌0512B01 Bioquímica
 │                                              │                                    └0512 Bioquímica┤
 │                                              │                                                    ├0512T01 Toxicologia
 │                                              │                                                    └0512B02 Biotecnologia
 ├05 Ciências naturais, matemática e estatística┤
 │                                              │                                 ┌0531Q01 Química
 │                                              │                    ┌0531 Química┤
 │                                              │                    │            └0531Q02 Química industrial e tecnológica
 │                                              ├053 Ciências físicas┤
 │                                              │                    │                      ┌0532G01 Geofísica
 │                                              │                    │                      ├0532G02 Geologia
 │                                              │                    ├0532 Ciências da terra┤
 │                                              │                    │                      ├0532O01 Oceanografia
 │                                              │                    │                      ├0532M01 Meteorologia
 │                                              │                    │                      └0532G03 Geoprocessamento
 │                                              │                    │           ┌0533A01 Astronomia
 │                                              │                    │           ├0533F01 Física
 │                                              │                    └0533 Física┤
 │                                              │                                ├0533F03 Física médica
 │                                              │                                └0533F02 Física aplicada
 │                                              │                                            ┌0541M01 Matemática
 │                                              │                            ┌0541 Matemática┤
 │                                              │                            │               └0541M02 Matemática aplicada e computacional
 │                                              └054 Matemática e estatística┤
 │                                                                           │                ┌0542C01 Ciências atuariais
 │                                                                           └0542 Estatística┤
 │                                                                                            └0542E01 Estatística
 │                                    ┌042 Direito┐
 │                                    │           └0421 Direito┐
 │                                    │                        └0421D01 Direito
 │                                    ├048 Programas interdisciplinares abrangendo negócios, administração e direito┐
 │                                    │                                                                             └0488 Programas interdisciplinares abrangendo negócios, administração e direito┐
 │                                    │                                                                                                                                                            └0488P01 Programas interdisciplinares abrangendo negócios, administração e direito
 ├04 Negócios, administração e direito┤
 │                                    │                            ┌0411 Contabilidade e tributação┐
 │                                    │                            │                               └0411C01 Contabilidade
 │                                    │                            ├0415 Secretariado e trabalhos de escritório┐
 │                                    │                            │                                           └0415S01 Secretariado
 │                                    │                            │                               ┌0412G01 Gestão financeira
 │                                    │                            ├0412 Finanças, bancos e seguros┤
 │                                    │                            │                               └0412S01 Seguros
 │                                    │                            │                     ┌0416G01 Gestão comercial
 │                                    │                            ├0416 Gestão comercial┤
 │                                    │                            │                     └0416N01 Negócios imobiliários
 │                                    │                            │                           ┌0414M01 Marketing
 │                                    │                            ├0414 Marketing e propaganda┤
 │                                    │                            │                           ├0414R01 Relações públicas
 │                                    │                            │                           └0414P01 Publicidade e propaganda
 │                                    └041 Negócios e administração┤
 │                                                                 │                           ┌0413A01 Administração
 │                                                                 │                           ├0413A02 Administração pública
 │                                                                 │                           ├0413C01 Comércio exterior
 │                                                                 │                           ├0413E01 Empreendedorismo
 │                                                                 │                           ├0413G01 Gestão da produção
 │                                                                 │                           ├0413G02 Gestão da qualidade
 │                                                                 │                           ├0413G03 Gestão da saúde
 │                                                                 └0413 Gestão e administração┤
 │                                                                                             ├0413L01 Logística
 │                                                                                             ├0413G10 Gestão hospitalar
 │                                                                                             ├0413G09 Gestão estratégica
 │                                                                                             ├0413G08 Gestão de serviços
 │                                                                                             ├0413G07 Gestão de pessoas
 │                                                                                             ├0413G06 Gestão de negócios internacionais
 │                                                                                             ├0413G05 Gestão de negócios
 │                                                                                             └0413G04 Gestão de cooperativas
 ┤
 │                                    ┌078 Programas interdisciplinares abrangendo engenharia, produção e construção┐
 │                                    │                                                                             └0788 Programas interdisciplinares abrangendo engenharia, produção e construção┐
 │                                    │                                                                                                                                                            └0788P01 Programas interdisciplinares abrangendo engenharia, produção e construção
 │                                    │                            ┌0731 Arquitetura e urbanismo┐
 │                                    │                            │                            └0731A01 Arquitetura e urbanismo
 │                                    ├073 Arquitetura e construção┤
 │                                    │                            │                                  ┌0732A01 Agrimensura
 │                                    │                            │                                  ├0732C01 Construção de edifícios
 │                                    │                            │                                  ├0732C02 Controle de obras
 │                                    │                            │                                  ├0732E01 Engenharia cartográfica
 │                                    │                            └0732 Engenharia civil e construção┤
 │                                    │                                                               ├0732M01 Material de construção
 │                                    │                                                               ├0732E05 Estradas
 │                                    │                                                               ├0732E04 Engenharia portuária
 │                                    │                                                               ├0732E03 Engenharia de agrimensura
 │                                    │                                                               └0732E02 Engenharia civil
 │                                    │                                                                       ┌0723E01 Engenharia têxtil
 │                                    │                            ┌0723 Têxteis (vestuário, calçados e couro)┤
 │                                    │                            │                                          ├0723P02 Produção têxtil
 │                                    │                            │                                          └0723P01 Produção de vestuário
 │                                    │                            │                                       ┌0725E01 Engenharia de manufatura
 │                                    │                            │                                       ├0725E02 Engenharia de produção
 │                                    │                            ├0725 Produção e processos de fabricação┤
 │                                    │                            │                                       ├0725P02 Produção industrial
 │                                    │                            │                                       ├0725P01 Produção gráfica
 │                                    │                            │                                       └0725E03 Engenharia industrial
 │                                    ├072 Produção e processamento┤
 │                                    │                            │              ┌0722C01 Cerâmica
 │                                    │                            │              ├0722C02 Ciências dos materiais
 │                                    │                            │              ├0722E01 Engenharia cerâmica
 │                                    │                            │              ├0722E02 Engenharia de materiais
 │                                    │                            ├0722 Materiais┤
 │                                    │                            │              ├0722P04 Produção moveleira
 │                                    │                            │              ├0722P03 Produção joalheira
 │                                    │                            │              ├0722P02 Polímeros
 │                                    │                            │              └0722P01 Papel e celulose
 │                                    │                            │                         ┌0724E01 Engenharia de minas
 │                                    │                            │                         ├0724E02 Engenharia de petróleo
 │                                    │                            │                         ├0724E03 Engenharia geológica
 │                                    │                            ├0724 Mineração e extração┤
 │                                    │                            │                         ├0724R01 Rochas ornamentais
 │                                    │                            │                         ├0724P01 Petróleo e gás
 │                                    │                            │                         └0724M01 Mineração
 │                                    │                            │                               ┌0721A01 Alimentos
 │                                    │                            │                               ├0721E01 Engenharia de alimentos
 │                                    │                            │                               ├0721L01 Laticínios
 │                                    │                            └0721 Processamento de alimentos┤
 │                                    │                                                            ├0721P03 Produção sucroalcooleira
 │                                    │                                                            ├0721P02 Produção de cachaça
 │                                    │                                                            └0721P01 Processamento de carnes
 ├07 Engenharia, produção e construção┤
 │                                    │                                      ┌0710 Engenharia e profissões correlatas sem definição precisa┐
 │                                    │                                      │                                                             └0710E01 Engenharia
 │                                    │                                      │                                     ┌0712E01 Engenharia ambiental e sanitária
 │                                    │                                      │                                     ├0712E02 Engenharia de recursos hídricos
 │                                    │                                      │                                     ├0712G01 Gestão ambiental
 │                                    │                                      ├0712 Tecnologia de proteção ambiental┤
 │                                    │                                      │                                     ├0712S01 Saneamento ambiental
 │                                    │                                      │                                     ├0712G03 Gestão de resíduos sólidos
 │                                    │                                      │                                     └0712G02 Gestão de recursos hídricos
 │                                    │                                      │                                      ┌0711B01 Biocombustíveis
 │                                    │                                      │                                      ├0711E01 Engenharia bioquímica
 │                                    │                                      │                                      ├0711E02 Engenharia de bioprocessos
 │                                    │                                      ├0711 Engenharia química e de processos┤
 │                                    │                                      │                                      ├0711E06 Engenharia química
 │                                    │                                      │                                      ├0711E05 Engenharia de nanotecnologia
 │                                    │                                      │                                      ├0711E04 Engenharia de biotecnologia
 │                                    │                                      │                                      └0711E03 Engenharia de biossistemas
 │                                    │                                      │                           ┌0713E01 Eletrotécnica industrial
 │                                    │                                      │                           ├0713E02 Energias renováveis
 │                                    │                                      │                           ├0713E03 Engenharia bioenergética
 │                                    │                                      │                           ├0713E04 Engenharia de energia
 │                                    │                                      ├0713 Eletricidade e energia┤
 │                                    │                                      │                           ├0713S01 Sistemas elétricos
 │                                    │                                      │                           ├0713R01 Refrigeração e climatização
 │                                    │                                      │                           ├0713E06 Engenharia nuclear
 │                                    │                                      │                           └0713E05 Engenharia elétrica
 │                                    └071 Engenharia e profissões correlatas┤
 │                                                                           │                           ┌0714A01 Automação industrial
 │                                                                           │                           ├0714E01 Eletrônica industrial
 │                                                                           │                           ├0714E02 Engenharia acústica
 │                                                                           │                           ├0714E03 Engenharia biomédica
 │                                                                           │                           ├0714E04 Engenharia de computação (DCN Engenharia)
 │                                                                           │                           ├0714E05 Engenharia de controle e automação
 │                                                                           │                           ├0714E06 Engenharia de telecomunicações
 │                                                                           ├0714 Eletrônica e automação┤
 │                                                                           │                           ├0714T01 Telemática
 │                                                                           │                           ├0714S02 Sistemas de telecomunicações
 │                                                                           │                           ├0714S01 Sistemas biomédicos
 │                                                                           │                           ├0714R01 Redes de telecomunicações
 │                                                                           │                           ├0714M01 Mecatrônica industrial
 │                                                                           │                           ├0714G01 Gestão de telecomunicações
 │                                                                           │                           ├0714E08 Engenharia mecatrônica
 │                                                                           │                           └0714E07 Engenharia eletrônica
 │                                                                           │                                                                               ┌0716A01 Aeroespacial
 │                                                                           │                                                                               ├0716C01 Construção naval
 │                                                                           │                                                                               ├0716E01 Engenharia aeroespacial
 │                                                                           │                                                                               ├0716E02 Engenharia aeronáutica
 │                                                                           │                                                                               ├0716E03 Engenharia automotiva
 │                                                                           │                                                                               ├0716E04 Engenharia de infraestrutura
 │                                                                           ├0716 Veículos a motor, construção naval, aeronáutica, ferroviária e metroviária┤
 │                                                                           │                                                                               ├0716S02 Sistemas de navegação fluvial
 │                                                                           │                                                                               ├0716S01 Sistemas automotivos
 │                                                                           │                                                                               ├0716M01 Manutenção de aeronaves
 │                                                                           │                                                                               ├0716E07 Engenharia naval
 │                                                                           │                                                                               ├0716E06 Engenharia ferroviária e metroviária
 │                                                                           │                                                                               └0716E05 Engenharia de transportes
 │                                                                           │                                     ┌0715E01 Engenharia física
 │                                                                           │                                     ├0715E02 Engenharia mecânica
 │                                                                           │                                     ├0715E03 Engenharia metalúrgica
 │                                                                           │                                     ├0715F01 Fabricação mecânica
 │                                                                           └0715 Engenharia mecânica e metalurgia┤
 │                                                                                                                 ├0715S01 Soldagem
 │                                                                                                                 ├0715P01 Processos metalúrgicos
 │                                                                                                                 ├0715M02 Mecânica de precisão
 │                                                                                                                 └0715M01 Manutenção industrial
 │                      ┌028 Programas interdisciplinares abrangendo artes e humanidades┐
 │                      │                                                               └0288 Programas interdisciplinares abrangendo artes e humanidades┐
 │                      │                                                                                                                                └0288P01 Programas interdisciplinares abrangendo artes e humanidades
 │                      │                                ┌0223 Filosofia e ética┐
 │                      │                                │                      └0223F01 Filosofia
 │                      ├022 Humanidades (exceto línguas)┤
 │                      │                                │                           ┌0222A01 Arqueologia
 │                      │                                ├0222 História e arqueologia┤
 │                      │                                │                           ├0222M01 Museologia
 │                      │                                │                           └0222H01 História
 │                      │                                │                        ┌0221C01 Ciências da religião
 │                      │                                └0221 Religião e teologia┤
 │                      │                                                         └0221T01 Teologia
 │                      ├023 Línguas ┐
 │                      │            │           ┌0231L01 Letras escrita criativa
 │                      │            │           ├0231L02 Letras espanhol
 │                      │            │           ├0231L03 Letras francês
 │                      │            │           ├0231L04 Letras inglês
 │                      │            │           ├0231L05 Letras língua brasileira de sinais
 │                      │            │           ├0231L06 Letras línguas estrangeiras clássicas
 │                      │            │           ├0231L07 Letras outras línguas estrangeiras modernas
 │                      │            └0231 Letras┤
 │                      │                        ├0231L15 Letras tradutor e intérprete
 │                      │                        ├0231L14 Letras português outras línguas estrangeiras modernas
 │                      │                        ├0231L13 Letras português línguas estrangeiras clássicas
 │                      │                        ├0231L12 Letras português língua brasileira de sinais
 │                      │                        ├0231L11 Letras português inglês
 │                      │                        ├0231L10 Letras português francês
 │                      │                        ├0231L09 Letras português espanhol
 │                      │                        └0231L08 Letras português
 ├02 Artes e humanidades┤
 │                      │                         ┌0214C01 Conservação e restauro
 │                      │         ┌0214 Artesanato┤
 │                      │         │               └0214F01 Fabricação de instrumentos musicais não industrial
 │                      │         │                                                    ┌0212D01 Desenho industrial
 │                      │         │                                                    ├0212D02 Design
 │                      │         ├0212 Moda, design de interiores e desenho industrial┤
 │                      │         │                                                    ├0212M01 Moda
 │                      │         │                                                    ├0212D04 Design de produto
 │                      │         │                                                    └0212D03 Design de interiores
 │                      │         │                           ┌0215A01 Artes cênicas
 │                      │         │                           ├0215C01 Cenografia
 │                      │         ├0215 Música e artes cênicas┤
 │                      │         │                           ├0215T01 Teatro
 │                      │         │                           ├0215M01 Música
 │                      │         │                           └0215D01 Dança
 │                      └021 Artes┤
 │                                │                                                                 ┌0211A01 Animação
 │                                │                                                                 ├0211C01 Cinema e audiovisual
 │                                │                                                                 ├0211C02 Comunicação assistiva
 │                                │                                                                 ├0211D01 Design gráfico
 │                                ├0211 Técnicas audiovisuais, produção de mídia e produção cultural┤
 │                                │                                                                 ├0211P04 Produção multimídia
 │                                │                                                                 ├0211P03 Produção fonográfica
 │                                │                                                                 ├0211P02 Produção cultural
 │                                │                                                                 ├0211P01 Produção cênica
 │                                │                                                                 └0211F01 Fotografia
 │                                │                ┌0213A01 Artes
 │                                │                ├0213A02 Artes plásticas
 │                                │                ├0213A03 Artes visuais
 │                                └0213 Belas artes┤
 │                                                 ├0213H01 História da arte
 │                                                 ├0213G01 Gravura artística
 │                                                 └0213E01 Escultura
 │           ┌018 Programas interdisciplinares abrangendo educação┐
 │           │                                                    └0188 Programas interdisciplinares abrangendo educação┐
 │           │                                                                                                          └0188P01 Programas interdisciplinares abrangendo educação
 └01 Educação┤
             │            ┌0112 Formação de professores de educação infantil┐
             │            │                                                 └0112E01 Educação infantil formação de professor
             │            │                        ┌0111C01 Ciência da educação
             │            │                        ├0111E01 Educação em espaços não escolares
             │            ├0111 Ciência da educação┤
             │            │                        ├0111P02 Psicopedagogia
             │            │                        └0111P01 Processos escolares
             │            │                                                  ┌0113E01 Educação do campo formação de professor
             │            │                                                  ├0113E02 Educação especial formação de professor
             │            ├0113 Formação de professores sem áreas específicas┤
             │            │                                                  ├0113P01 Pedagogia
             │            │                                                  ├0113F01 Formação pedagógica de professor para a educação básica
             │            │                                                  └0113E03 Educação indígena formação de professor
             └011 Educação┤
                          │                                                                 ┌0114A01 Artes formação de professor
                          │                                                                 ├0114A02 Artes visuais formação de professor
                          │                                                                 ├0114B01 Biologia formação de professor
                          │                                                                 ├0114C01 Ciências agrárias formação de professor
                          │                                                                 ├0114C02 Ciências naturais formação de professor
                          │                                                                 ├0114C03 Ciências sociais formação de professor
                          │                                                                 ├0114C04 Cinema e audiovisual formação de professor
                          │                                                                 ├0114C05 Computação formação de professor
                          │                                                                 ├0114D01 Dança formação de professor
                          │                                                                 ├0114E01 Economia doméstica formação de professor
                          │                                                                 ├0114E02 Educação do campo em áreas de conhecimento da educação básica formação de professor
                          │                                                                 ├0114E03 Educação física formação de professor
                          │                                                                 ├0114E04 Educação indígena em áreas de conhecimento da educação básica formação de professor
                          ├0114 Formação de professores em áreas específicas (exceto Letras)┤
                          │                                                                 ├0114T01 Teatro formação de professor
                          │                                                                 ├0114Q01 Química formação de professor
                          │                                                                 ├0114P01 Psicologia formação de professor
                          │                                                                 ├0114M02 Música formação de professor
                          │                                                                 ├0114M01 Matemática formação de professor
                          │                                                                 ├0114H01 História formação de professor
                          │                                                                 ├0114G01 Geografia formação de professor
                          │                                                                 ├0114F02 Física formação de professor
                          │                                                                 ├0114F01 Filosofia formação de professor
                          │                                                                 ├0114E08 Estatística formação de professor
                          │                                                                 ├0114E07 Ensino religioso formação de professor
                          │                                                                 ├0114E06 Ensino profissionalizante em área específica formação de professor
                          │                                                                 └0114E05 Enfermagem formação de professor
                          │                                      ┌0115L01 Letras espanhol formação de professor
                          │                                      ├0115L02 Letras francês formação de professor
                          │                                      ├0115L03 Letras inglês formação de professor
                          │                                      ├0115L04 Letras língua brasileira de sinais formação de professor
                          │                                      ├0115L05 Letras línguas estrangeiras clássicas formação de professor
                          │                                      ├0115L06 Letras outras línguas estrangeiras modernas formação de professor
                          │                                      ├0115L07 Letras português espanhol formação de professor
                          └0115 Formação de professores de letras┤
                                                                 ├0115L14 Letras tradutor e intérprete formação de professor
                                                                 ├0115L13 Letras português outras línguas estrangeiras modernas formação de professor
                                                                 ├0115L12 Letras português línguas estrangeiras clássicas formação de professor
                                                                 ├0115L11 Letras português língua brasileira de sinais formação de professor
                                                                 ├0115L10 Letras português inglês formação de professor
                                                                 ├0115L09 Letras português francês formação de professor
                                                                 └0115L08 Letras português formação de professor
